
> node@0.0.0 start C:\Users\Saad Moussadek\Desktop\match-making\node
> node ./bin/www

Port 3000 is already in use

npm ERR! Windows_NT 10.0.16299
npm ERR! argv "C:\\Program Files\\nodejs\\node.exe" "C:\\Program Files\\nodejs\\node_modules\\npm\\bin\\npm-cli.js" "start"
npm ERR! node v6.11.2
npm ERR! npm  v3.10.10
npm ERR! code ELIFECYCLE
npm ERR! node@0.0.0 start: `node ./bin/www`
npm ERR! Exit status 1
npm ERR! 
npm ERR! Failed at the node@0.0.0 start script 'node ./bin/www'.
npm ERR! Make sure you have the latest version of node.js and npm installed.
npm ERR! If you do, this is most likely a problem with the node package,
npm ERR! not with npm itself.
npm ERR! Tell the author that this fails on your system:
npm ERR!     node ./bin/www
npm ERR! You can get information on how to open an issue for this project with:
npm ERR!     npm bugs node
npm ERR! Or if that isn't available, you can get their info via:
npm ERR!     npm owner ls node
npm ERR! There is likely additional logging output above.

npm ERR! Please include the following file with any support request:
npm ERR!     C:\Users\Saad Moussadek\Desktop\match-making\node\npm-debug.log

> node@0.0.0 start C:\Users\Saad Moussadek\Desktop\match-making\node
> node ./bin/www

Port 3000 is already in use

npm ERR! Windows_NT 10.0.16299
npm ERR! argv "C:\\Program Files\\nodejs\\node.exe" "C:\\Program Files\\nodejs\\node_modules\\npm\\bin\\npm-cli.js" "start"
npm ERR! node v6.11.2
npm ERR! npm  v3.10.10
npm ERR! code ELIFECYCLE
npm ERR! node@0.0.0 start: `node ./bin/www`
npm ERR! Exit status 1
npm ERR! 
npm ERR! Failed at the node@0.0.0 start script 'node ./bin/www'.
npm ERR! Make sure you have the latest version of node.js and npm installed.
npm ERR! If you do, this is most likely a problem with the node package,
npm ERR! not with npm itself.
npm ERR! Tell the author that this fails on your system:
npm ERR!     node ./bin/www
npm ERR! You can get information on how to open an issue for this project with:
npm ERR!     npm bugs node
npm ERR! Or if that isn't available, you can get their info via:
npm ERR!     npm owner ls node
npm ERR! There is likely additional logging output above.

npm ERR! Please include the following file with any support request:
npm ERR!     C:\Users\Saad Moussadek\Desktop\match-making\node\npm-debug.log

> node@0.0.0 start C:\Users\Saad Moussadek\Desktop\match-making\node
> node ./bin/www

Port 3000 is already in use

npm ERR! Windows_NT 10.0.16299
npm ERR! argv "C:\\Program Files\\nodejs\\node.exe" "C:\\Program Files\\nodejs\\node_modules\\npm\\bin\\npm-cli.js" "start"
npm ERR! node v6.11.2
npm ERR! npm  v3.10.10
npm ERR! code ELIFECYCLE
npm ERR! node@0.0.0 start: `node ./bin/www`
npm ERR! Exit status 1
npm ERR! 
npm ERR! Failed at the node@0.0.0 start script 'node ./bin/www'.
npm ERR! Make sure you have the latest version of node.js and npm installed.
npm ERR! If you do, this is most likely a problem with the node package,
npm ERR! not with npm itself.
npm ERR! Tell the author that this fails on your system:
npm ERR!     node ./bin/www
npm ERR! You can get information on how to open an issue for this project with:
npm ERR!     npm bugs node
npm ERR! Or if that isn't available, you can get their info via:
npm ERR!     npm owner ls node
npm ERR! There is likely additional logging output above.

npm ERR! Please include the following file with any support request:
npm ERR!     C:\Users\Saad Moussadek\Desktop\match-making\node\npm-debug.log
